<?xml version="1.0" encoding="UTF-8"?>
<!-- Generated by org.testng.reporters.JUnitReportReporter -->
<testsuite hostname="ASCDK025" name="OR.PagefactoryScript" tests="1" failures="0" timestamp="13 Jul 2015 08:27:15 GMT" time="3.871" errors="0">
  <testcase name="test_Home_Page_Appear_Correct" time="3.871" classname="OR.PagefactoryScript"/>
</testsuite> <!-- OR.PagefactoryScript -->
