<?xml version="1.0" encoding="UTF-8"?>
<!-- Generated by org.testng.reporters.JUnitReportReporter -->
<testsuite hostname="ASCDK025" name="example.NewTestngProject" tests="1" failures="0" timestamp="10 Jun 2015 12:41:42 GMT" time="12.091" errors="0">
  <testcase name="testEasy" time="12.091" classname="example.NewTestngProject"/>
</testsuite> <!-- example.NewTestngProject -->
