<?xml version="1.0" encoding="UTF-8"?>
<!-- Generated by org.testng.reporters.JUnitReportReporter -->
<testsuite hostname="ASCDK025" name="OR.ReadWriteExcelFile" tests="1" failures="0" timestamp="11 Jun 2015 08:01:25 GMT" time="0.614" errors="0">
  <testcase name="writeExcel" time="0.614" classname="OR.ReadWriteExcelFile"/>
</testsuite> <!-- OR.ReadWriteExcelFile -->
