<?xml version="1.0" encoding="UTF-8"?>
<!-- Generated by org.testng.reporters.JUnitReportReporter -->
<testsuite hostname="ASCDK025" name="OR.NewTest" tests="1" failures="0" timestamp="20 Jul 2015 14:00:56 GMT" time="0.015" errors="0">
  <testcase name="f" time="0.015" classname="OR.NewTest"/>
</testsuite> <!-- OR.NewTest -->
